SF:lib/domain/usecase/save_watchlist.dart
DA:9,1
DA:11,1
DA:12,2
LF:3
LH:3
end_of_record
SF:lib/domain/usecase/get_top_rated_movies.dart
DA:9,1
DA:11,1
DA:12,2
LF:3
LH:3
end_of_record
SF:lib/domain/usecase/get_movie_detail.dart
DA:11,1
DA:13,1
DA:14,2
LF:3
LH:3
end_of_record
SF:lib/domain/usecase/get_now_playing_movies.dart
DA:9,1
DA:11,1
DA:12,2
LF:3
LH:3
end_of_record
SF:lib/domain/usecase/get_movie_recommendations.dart
DA:10,1
DA:12,1
DA:13,2
LF:3
LH:3
end_of_record
SF:lib/domain/usecase/remove_watchlist.dart
DA:10,1
DA:12,1
DA:13,2
LF:3
LH:3
end_of_record
SF:lib/domain/usecase/get_popular_movies.dart
DA:10,1
DA:12,1
DA:13,2
LF:3
LH:3
end_of_record
SF:lib/domain/usecase/get_watchlist_status.dart
DA:8,1
DA:10,1
DA:11,2
LF:3
LH:3
end_of_record
SF:lib/presentation/bloc/movie_detail/movie_detail_state.dart
DA:4,2
DA:6,1
DA:7,1
DA:17,2
DA:19,1
DA:20,2
DA:27,2
DA:29,1
DA:30,3
LF:9
LH:9
end_of_record
SF:lib/presentation/bloc/movie_detail/movie_detail_event.dart
DA:4,2
DA:6,0
DA:7,0
DA:13,2
DA:15,1
DA:16,2
LF:6
LH:4
end_of_record
SF:lib/presentation/bloc/movie_detail/movie_detail_bloc.dart
DA:16,1
DA:19,2
DA:20,2
DA:21,1
DA:23,2
DA:24,2
DA:25,2
DA:27,1
DA:28,4
DA:29,3
LF:10
LH:10
end_of_record
SF:lib/presentation/bloc/movie_recommendations/movie_recommendations_bloc.dart
DA:16,1
DA:17,2
DA:18,2
DA:19,1
DA:21,2
DA:22,2
DA:24,1
DA:25,4
DA:26,3
LF:9
LH:9
end_of_record
SF:lib/presentation/bloc/movie_recommendations/movie_recommendations_state.dart
DA:4,2
DA:6,1
DA:7,1
DA:17,2
DA:19,1
DA:20,2
DA:26,2
DA:28,1
DA:29,2
LF:9
LH:9
end_of_record
SF:lib/presentation/bloc/movie_recommendations/movie_recommendations_event.dart
DA:4,2
DA:6,0
DA:7,0
DA:13,2
DA:15,1
DA:16,2
LF:6
LH:4
end_of_record
SF:lib/presentation/bloc/movie_watchlist/movie_watchlist_event.dart
DA:4,2
DA:5,1
DA:6,1
DA:12,2
DA:14,1
DA:15,2
DA:21,2
DA:23,1
DA:24,2
LF:9
LH:9
end_of_record
SF:lib/presentation/bloc/movie_watchlist/movie_watchlist_bloc.dart
DA:19,1
DA:22,2
DA:23,2
DA:24,1
DA:26,2
DA:28,1
DA:29,4
DA:30,3
DA:34,2
DA:35,1
DA:37,2
DA:39,1
DA:40,4
DA:41,1
DA:42,2
DA:46,2
DA:47,2
DA:49,2
DA:50,2
LF:19
LH:19
end_of_record
SF:lib/presentation/bloc/movie_watchlist/movie_watchlist_state.dart
DA:6,2
DA:8,1
DA:9,2
DA:13,2
DA:17,2
DA:21,2
LF:6
LH:6
end_of_record
SF:lib/presentation/pages/movie_detail_page.dart
DA:18,1
DA:20,1
DA:21,1
DA:25,1
DA:27,1
DA:28,2
DA:29,6
DA:30,1
DA:31,1
DA:32,4
DA:36,1
DA:38,1
DA:39,1
DA:40,1
DA:41,1
DA:47,1
DA:48,1
DA:49,1
DA:50,1
DA:51,1
DA:56,1
DA:57,1
DA:58,1
DA:59,1
DA:60,1
DA:61,1
DA:62,1
DA:82,1
DA:85,1
DA:86,1
DA:90,1
DA:92,1
DA:93,2
DA:94,2
DA:95,4
DA:97,4
DA:102,1
DA:104,3
DA:105,1
DA:106,1
DA:107,1
DA:109,4
DA:111,1
DA:114,0
DA:116,1
DA:118,1
DA:119,1
DA:120,1
DA:130,1
DA:131,1
DA:132,1
DA:134,1
DA:136,1
DA:138,1
DA:139,1
DA:140,3
DA:141,1
DA:144,1
DA:146,1
DA:149,1
DA:151,1
DA:154,1
DA:157,2
DA:158,2
DA:159,1
DA:160,1
DA:162,1
DA:163,1
DA:164,1
DA:169,1
DA:170,1
DA:171,2
DA:172,2
DA:173,3
DA:176,1
DA:177,4
DA:180,2
DA:181,2
DA:182,2
DA:185,1
DA:187,1
DA:188,2
DA:196,1
DA:197,4
DA:199,1
DA:200,4
DA:202,1
DA:203,1
DA:204,1
DA:205,4
DA:207,1
DA:213,5
DA:217,1
DA:219,1
DA:221,1
DA:222,3
DA:225,1
DA:227,1
DA:229,1
DA:231,1
DA:232,1
DA:238,1
DA:239,2
DA:242,1
DA:243,1
DA:245,1
DA:247,1
DA:248,2
DA:249,1
DA:253,1
DA:254,2
DA:255,0
DA:256,0
DA:259,0
DA:262,1
DA:267,1
DA:269,2
DA:270,1
DA:276,0
DA:283,2
DA:287,1
DA:295,1
DA:297,1
DA:312,1
DA:314,1
DA:317,1
DA:320,1
DA:321,1
DA:330,1
DA:332,2
DA:333,3
DA:336,1
DA:340,3
DA:343,1
DA:344,1
DA:345,1
DA:347,1
DA:348,1
DA:350,1
LF:139
LH:134
end_of_record
SF:lib/presentation/bloc/movie_top_rated/movie_top_rated_state.dart
DA:4,2
DA:6,1
DA:7,1
DA:17,2
DA:19,1
DA:20,2
DA:26,2
DA:28,1
DA:29,2
LF:9
LH:9
end_of_record
SF:lib/presentation/bloc/movie_top_rated/movie_top_rated_bloc.dart
DA:13,3
DA:14,2
DA:15,2
DA:17,2
DA:18,1
DA:19,4
DA:20,3
LF:7
LH:7
end_of_record
SF:lib/presentation/bloc/movie_top_rated/movie_top_rated_event.dart
DA:4,2
DA:6,1
DA:7,1
LF:3
LH:3
end_of_record
SF:lib/presentation/pages/top_rated_movies_page.dart
DA:9,1
DA:11,1
DA:12,1
DA:16,1
DA:18,1
DA:19,2
DA:20,4
DA:23,1
DA:25,1
DA:26,1
DA:29,1
DA:31,1
DA:32,1
DA:33,1
DA:37,1
DA:38,1
DA:39,1
DA:40,2
DA:41,1
DA:43,2
DA:45,1
DA:46,1
DA:48,2
LF:23
LH:23
end_of_record
SF:lib/presentation/bloc/movie_now_playing/movie_now_playing_state.dart
DA:4,1
DA:6,1
DA:7,1
DA:17,1
DA:19,1
DA:20,2
DA:26,1
DA:28,1
DA:29,2
LF:9
LH:9
end_of_record
SF:lib/presentation/bloc/movie_now_playing/movie_now_playing_event.dart
DA:4,1
DA:6,1
DA:7,1
LF:3
LH:3
end_of_record
SF:lib/presentation/bloc/movie_now_playing/movie_now_playing_bloc.dart
DA:13,1
DA:15,2
DA:16,2
DA:17,2
DA:19,2
DA:20,1
DA:21,4
DA:22,3
LF:8
LH:8
end_of_record
SF:lib/presentation/bloc/movie_popular/movie_popular_state.dart
DA:4,2
DA:6,1
DA:7,1
DA:17,2
DA:19,1
DA:20,2
DA:26,2
DA:28,1
DA:29,2
LF:9
LH:9
end_of_record
SF:lib/presentation/bloc/movie_popular/movie_popular_event.dart
DA:4,2
DA:6,1
DA:7,1
LF:3
LH:3
end_of_record
SF:lib/presentation/bloc/movie_popular/movie_popular_bloc.dart
DA:13,3
DA:14,2
DA:15,2
DA:17,2
DA:18,1
DA:19,4
DA:20,3
LF:7
LH:7
end_of_record
SF:lib/presentation/pages/popular_movies_page.dart
DA:9,1
DA:11,1
DA:12,1
DA:16,1
DA:18,1
DA:19,1
DA:20,5
DA:23,1
DA:25,1
DA:26,1
DA:29,1
DA:31,1
DA:32,1
DA:33,1
DA:37,1
DA:38,1
DA:39,1
DA:40,2
DA:41,1
DA:43,2
DA:45,1
DA:46,1
DA:48,2
LF:23
LH:23
end_of_record
