SF:lib/domain/usecases/get_top_rated_tv.dart
DA:10,1
DA:12,1
DA:13,2
LF:3
LH:3
end_of_record
SF:lib/domain/usecases/get_popular_tv.dart
DA:10,1
DA:12,1
DA:13,2
LF:3
LH:3
end_of_record
SF:lib/domain/usecases/get_tv_recommendations.dart
DA:9,1
DA:11,1
DA:12,2
LF:3
LH:3
end_of_record
SF:lib/domain/usecases/get_tv_detail.dart
DA:10,1
DA:12,1
DA:13,2
LF:3
LH:3
end_of_record
SF:lib/domain/usecases/get_watchlist_tv_status.dart
DA:7,1
DA:9,1
DA:10,2
LF:3
LH:3
end_of_record
SF:lib/domain/usecases/remove_watchlist_tv.dart
DA:9,1
DA:11,1
DA:12,2
LF:3
LH:3
end_of_record
SF:lib/domain/usecases/save_watchlist_tv.dart
DA:9,1
DA:11,1
DA:12,2
LF:3
LH:3
end_of_record
SF:lib/presentation/bloc/tv_detail/tv_detail_event.dart
DA:4,2
DA:6,0
DA:7,0
DA:13,2
DA:15,0
DA:16,0
LF:6
LH:2
end_of_record
SF:lib/presentation/bloc/tv_detail/tv_detail_state.dart
DA:4,2
DA:6,1
DA:7,1
DA:17,2
DA:19,1
DA:20,2
DA:27,2
DA:29,1
DA:30,3
LF:9
LH:9
end_of_record
SF:lib/presentation/bloc/tv_detail/tv_detail_bloc.dart
DA:18,1
DA:21,2
DA:22,2
DA:23,1
DA:25,2
DA:26,2
DA:27,2
DA:29,1
DA:30,4
DA:31,3
LF:10
LH:10
end_of_record
SF:lib/presentation/bloc/tv_recommendations/tv_recommendations_event.dart
DA:4,2
DA:6,0
DA:7,0
DA:13,2
DA:15,0
DA:16,0
LF:6
LH:2
end_of_record
SF:lib/presentation/bloc/tv_recommendations/tv_recommendations_state.dart
DA:4,2
DA:6,1
DA:7,1
DA:17,2
DA:19,1
DA:20,2
DA:26,2
DA:28,1
DA:29,2
LF:9
LH:9
end_of_record
SF:lib/presentation/bloc/tv_recommendations/tv_recommendations_bloc.dart
DA:14,1
DA:16,2
DA:17,2
DA:18,1
DA:20,2
DA:21,2
DA:23,1
DA:24,4
DA:25,3
LF:9
LH:9
end_of_record
SF:lib/presentation/bloc/tv_watchlist/tv_watchlist_state.dart
DA:6,2
DA:8,1
DA:9,2
DA:13,2
DA:17,2
DA:21,1
LF:6
LH:6
end_of_record
SF:lib/presentation/bloc/tv_watchlist/tv_watchlist_event.dart
DA:4,2
DA:6,0
DA:7,0
DA:13,2
DA:15,0
DA:16,0
DA:22,1
DA:24,0
DA:25,0
LF:9
LH:3
end_of_record
SF:lib/presentation/bloc/tv_watchlist/tv_watchlist_bloc.dart
DA:18,1
DA:21,2
DA:22,2
DA:23,1
DA:25,2
DA:27,1
DA:28,4
DA:29,3
DA:33,2
DA:34,1
DA:36,2
DA:38,1
DA:39,4
DA:40,1
DA:41,2
DA:45,1
DA:46,0
DA:48,1
DA:49,0
LF:19
LH:17
end_of_record
SF:lib/presentation/pages/tv_detail_page.dart
DA:18,2
DA:20,1
DA:21,1
DA:25,1
DA:27,1
DA:28,2
DA:29,6
DA:30,1
DA:31,1
DA:32,4
DA:36,1
DA:38,1
DA:39,1
DA:40,1
DA:41,1
DA:47,1
DA:48,1
DA:49,1
DA:50,1
DA:51,1
DA:56,1
DA:57,1
DA:58,1
DA:74,1
DA:76,1
DA:77,1
DA:81,1
DA:83,1
DA:84,2
DA:85,2
DA:86,4
DA:88,4
DA:93,1
DA:95,3
DA:96,1
DA:97,1
DA:98,1
DA:99,4
DA:101,1
DA:104,0
DA:106,1
DA:108,1
DA:109,1
DA:110,1
DA:120,1
DA:121,1
DA:122,1
DA:124,1
DA:126,1
DA:128,1
DA:129,1
DA:130,3
DA:131,1
DA:134,1
DA:135,1
DA:138,1
DA:140,1
DA:143,1
DA:146,2
DA:147,2
DA:148,1
DA:149,1
DA:151,1
DA:152,1
DA:153,1
DA:158,1
DA:159,1
DA:160,2
DA:162,0
DA:163,0
DA:166,1
DA:167,4
DA:170,2
DA:171,2
DA:172,2
DA:175,1
DA:177,1
DA:178,2
DA:186,1
DA:187,4
DA:189,1
DA:190,4
DA:191,3
DA:193,1
DA:194,1
DA:195,1
DA:196,4
DA:198,1
DA:204,5
DA:208,1
DA:210,1
DA:212,1
DA:213,3
DA:216,1
DA:218,1
DA:220,1
DA:222,1
DA:224,1
DA:225,4
DA:226,1
DA:228,1
DA:232,1
DA:233,1
DA:234,1
DA:236,2
DA:237,1
DA:243,0
DA:246,1
DA:247,1
DA:249,1
DA:252,1
DA:255,1
DA:256,1
DA:257,3
DA:258,1
DA:259,4
DA:268,4
DA:272,1
DA:274,1
DA:276,1
DA:278,1
DA:279,1
DA:285,1
DA:286,1
DA:287,1
DA:290,1
DA:291,1
DA:293,1
DA:295,1
DA:296,2
DA:297,1
DA:301,1
DA:302,0
DA:303,0
DA:306,0
DA:309,1
DA:314,1
DA:316,2
DA:317,1
DA:323,0
DA:330,2
DA:334,0
DA:342,1
DA:344,1
DA:359,1
DA:361,1
DA:364,1
DA:366,0
DA:367,0
DA:376,1
DA:378,2
DA:379,3
DA:382,1
DA:386,3
DA:389,1
DA:391,1
DA:392,0
DA:394,2
DA:397,1
DA:398,0
DA:400,2
LF:161
LH:148
end_of_record
SF:lib/domain/usecases/get_now_playing_tv.dart
DA:10,1
DA:12,1
DA:13,2
LF:3
LH:3
end_of_record
SF:lib/presentation/bloc/tv_popular/tv_popular_bloc.dart
DA:13,3
DA:14,2
DA:15,2
DA:17,2
DA:18,1
DA:19,4
DA:20,3
LF:7
LH:7
end_of_record
SF:lib/presentation/bloc/tv_popular/tv_popular_state.dart
DA:4,2
DA:6,1
DA:7,1
DA:17,2
DA:19,1
DA:20,2
DA:26,2
DA:28,1
DA:29,2
LF:9
LH:9
end_of_record
SF:lib/presentation/bloc/tv_popular/tv_popular_event.dart
DA:4,2
DA:6,0
DA:7,0
LF:3
LH:1
end_of_record
SF:lib/presentation/pages/popular_tv_page.dart
DA:10,1
DA:12,1
DA:13,1
DA:17,1
DA:19,1
DA:20,2
DA:21,4
DA:24,1
DA:26,1
DA:27,1
DA:30,1
DA:32,1
DA:33,1
DA:34,1
DA:38,1
DA:39,1
DA:40,1
DA:41,2
DA:42,1
DA:44,2
DA:46,1
DA:47,1
DA:49,2
LF:23
LH:23
end_of_record
SF:lib/presentation/bloc/tv_now_playing/tv_now_playing_bloc.dart
DA:13,1
DA:15,2
DA:16,2
DA:17,2
DA:19,2
DA:20,1
DA:21,4
DA:22,3
LF:8
LH:8
end_of_record
SF:lib/presentation/bloc/tv_now_playing/tv_now_playing_state.dart
DA:4,1
DA:6,1
DA:7,1
DA:17,1
DA:19,1
DA:20,2
DA:26,1
DA:28,1
DA:29,2
LF:9
LH:9
end_of_record
SF:lib/presentation/bloc/tv_now_playing/tv_now_playing_event.dart
DA:4,1
DA:6,0
DA:7,0
LF:3
LH:1
end_of_record
SF:lib/presentation/bloc/tv_top_rated/tv_top_rated_state.dart
DA:4,2
DA:6,1
DA:7,1
DA:17,2
DA:19,1
DA:20,2
DA:26,2
DA:28,1
DA:29,2
LF:9
LH:9
end_of_record
SF:lib/presentation/bloc/tv_top_rated/tv_top_rated_event.dart
DA:4,2
DA:6,0
DA:7,0
LF:3
LH:1
end_of_record
SF:lib/presentation/bloc/tv_top_rated/tv_top_rated_bloc.dart
DA:13,3
DA:14,2
DA:15,2
DA:17,2
DA:18,1
DA:19,4
DA:20,3
LF:7
LH:7
end_of_record
SF:lib/presentation/pages/top_rated_tv_page.dart
DA:9,1
DA:11,1
DA:12,1
DA:16,1
DA:18,1
DA:19,1
DA:20,5
DA:23,1
DA:25,1
DA:26,1
DA:29,1
DA:31,1
DA:32,1
DA:33,1
DA:37,1
DA:38,1
DA:39,1
DA:40,2
DA:41,1
DA:43,2
DA:45,1
DA:46,1
DA:48,2
LF:23
LH:23
end_of_record
