SF:lib/domain/usecases/get_watchlist_movies.dart
DA:10,1
DA:12,1
DA:13,2
LF:3
LH:3
end_of_record
SF:lib/domain/usecases/get_watchlist_tv.dart
DA:9,1
DA:11,1
DA:12,2
LF:3
LH:3
end_of_record
SF:lib/presentation/bloc/watchlist_movie/watchlist_movie_state.dart
DA:4,2
DA:6,1
DA:7,1
DA:17,2
DA:19,1
DA:20,2
DA:26,2
DA:28,1
DA:29,2
LF:9
LH:9
end_of_record
SF:lib/presentation/bloc/watchlist_movie/watchlist_movie_bloc.dart
DA:15,3
DA:16,2
DA:17,2
DA:19,2
DA:21,1
DA:22,4
DA:23,2
DA:24,2
DA:25,2
LF:9
LH:9
end_of_record
SF:lib/presentation/bloc/watchlist_movie/watchlist_movie_event.dart
DA:4,2
DA:6,1
DA:7,1
LF:3
LH:3
end_of_record
SF:lib/presentation/pages/watchlist_movies_page.dart
DA:8,1
DA:10,1
DA:11,1
DA:16,1
DA:18,1
DA:19,2
DA:20,4
DA:23,1
DA:25,1
DA:26,4
DA:29,0
DA:31,0
DA:34,1
DA:36,1
DA:38,1
DA:39,1
DA:40,1
DA:44,1
DA:45,1
DA:46,1
DA:47,2
DA:48,1
DA:50,2
DA:52,1
DA:53,1
DA:55,2
DA:67,1
DA:69,2
DA:70,1
LF:29
LH:27
end_of_record
SF:lib/presentation/bloc/watchlist_tv/watchlist_tv_state.dart
DA:4,2
DA:6,1
DA:7,1
DA:17,2
DA:19,1
DA:20,2
DA:26,2
DA:28,1
DA:29,2
LF:9
LH:9
end_of_record
SF:lib/presentation/bloc/watchlist_tv/watchlist_tv_bloc.dart
DA:14,3
DA:15,2
DA:16,2
DA:18,2
DA:20,1
DA:21,4
DA:22,2
DA:23,2
DA:24,2
LF:9
LH:9
end_of_record
SF:lib/presentation/bloc/watchlist_tv/watchlist_tv_event.dart
DA:4,2
DA:6,1
DA:7,1
LF:3
LH:3
end_of_record
SF:lib/presentation/pages/watchlist_tv_page.dart
DA:8,1
DA:10,1
DA:11,1
DA:15,1
DA:17,1
DA:18,2
DA:19,4
DA:22,1
DA:24,1
DA:25,4
DA:28,0
DA:30,0
DA:33,1
DA:35,1
DA:37,1
DA:38,1
DA:39,1
DA:43,1
DA:44,1
DA:45,1
DA:46,2
DA:47,1
DA:49,2
DA:51,1
DA:52,1
DA:54,2
DA:66,1
DA:68,2
DA:69,1
LF:29
LH:27
end_of_record
