SF:./movie/lib/domain/usecase/get_top_rated_movies.dart
DA:9,1
DA:11,1
DA:12,2
LF:3
LH:3
end_of_record
SF:./movie/lib/domain/usecase/save_watchlist.dart
DA:9,1
DA:11,1
DA:12,2
LF:3
LH:3
end_of_record
SF:./movie/lib/domain/usecase/get_movie_detail.dart
DA:11,1
DA:13,1
DA:14,2
LF:3
LH:3
end_of_record
SF:./movie/lib/domain/usecase/get_movie_recommendations.dart
DA:10,1
DA:12,1
DA:13,2
LF:3
LH:3
end_of_record
SF:./movie/lib/domain/usecase/get_now_playing_movies.dart
DA:9,1
DA:11,1
DA:12,2
LF:3
LH:3
end_of_record
SF:./movie/lib/domain/usecase/remove_watchlist.dart
DA:10,1
DA:12,1
DA:13,2
LF:3
LH:3
end_of_record
SF:./movie/lib/domain/usecase/get_popular_movies.dart
DA:10,1
DA:12,1
DA:13,2
LF:3
LH:3
end_of_record
SF:./movie/lib/domain/usecase/get_watchlist_status.dart
DA:8,1
DA:10,1
DA:11,2
LF:3
LH:3
end_of_record
SF:./movie/lib/presentation/bloc/movie_detail/movie_detail_state.dart
DA:4,2
DA:6,1
DA:7,1
DA:17,2
DA:19,1
DA:20,2
DA:27,2
DA:29,1
DA:30,3
LF:9
LH:9
end_of_record
SF:./movie/lib/presentation/bloc/movie_detail/movie_detail_event.dart
DA:4,2
DA:6,0
DA:7,0
DA:13,2
DA:15,0
DA:16,0
LF:6
LH:2
end_of_record
SF:./movie/lib/presentation/bloc/movie_detail/movie_detail_bloc.dart
DA:16,1
DA:19,2
DA:20,2
DA:21,1
DA:23,2
DA:24,2
DA:25,2
DA:27,1
DA:28,4
DA:29,3
LF:10
LH:10
end_of_record
SF:./movie/lib/presentation/bloc/movie_recommendations/movie_recommendations_bloc.dart
DA:16,1
DA:17,2
DA:18,2
DA:19,1
DA:21,2
DA:22,2
DA:24,1
DA:25,4
DA:26,3
LF:9
LH:9
end_of_record
SF:./movie/lib/presentation/bloc/movie_recommendations/movie_recommendations_state.dart
DA:4,2
DA:6,1
DA:7,1
DA:17,2
DA:19,1
DA:20,2
DA:26,2
DA:28,1
DA:29,2
LF:9
LH:9
end_of_record
SF:./movie/lib/presentation/bloc/movie_recommendations/movie_recommendations_event.dart
DA:4,2
DA:6,0
DA:7,0
DA:13,2
DA:15,0
DA:16,0
LF:6
LH:2
end_of_record
SF:./movie/lib/presentation/bloc/movie_watchlist/movie_watchlist_event.dart
DA:4,2
DA:5,0
DA:6,0
DA:12,2
DA:14,0
DA:15,0
DA:21,1
DA:23,0
DA:24,0
LF:9
LH:3
end_of_record
SF:./movie/lib/presentation/bloc/movie_watchlist/movie_watchlist_bloc.dart
DA:19,1
DA:22,2
DA:23,2
DA:24,1
DA:26,2
DA:28,1
DA:29,4
DA:30,3
DA:34,2
DA:35,1
DA:37,2
DA:39,1
DA:40,4
DA:41,1
DA:42,2
DA:46,1
DA:47,0
DA:49,1
DA:50,0
LF:19
LH:17
end_of_record
SF:./movie/lib/presentation/bloc/movie_watchlist/movie_watchlist_state.dart
DA:6,2
DA:8,1
DA:9,2
DA:13,2
DA:17,2
DA:21,1
LF:6
LH:6
end_of_record
SF:./movie/lib/presentation/pages/movie_detail_page.dart
DA:18,1
DA:20,1
DA:21,1
DA:25,1
DA:27,1
DA:28,2
DA:29,6
DA:30,1
DA:31,1
DA:32,4
DA:36,1
DA:38,1
DA:39,1
DA:40,1
DA:41,1
DA:47,1
DA:48,1
DA:49,1
DA:50,1
DA:51,1
DA:56,1
DA:57,1
DA:58,1
DA:59,1
DA:60,1
DA:61,1
DA:62,1
DA:82,1
DA:85,1
DA:86,1
DA:90,1
DA:92,1
DA:93,2
DA:94,2
DA:95,4
DA:97,4
DA:102,1
DA:104,3
DA:105,1
DA:106,1
DA:107,1
DA:108,4
DA:110,1
DA:113,0
DA:115,1
DA:117,1
DA:118,1
DA:119,1
DA:129,1
DA:130,1
DA:131,1
DA:133,1
DA:135,1
DA:137,1
DA:138,1
DA:139,3
DA:140,1
DA:143,1
DA:145,1
DA:148,1
DA:150,1
DA:153,1
DA:156,2
DA:157,2
DA:158,1
DA:159,1
DA:161,1
DA:162,1
DA:163,1
DA:168,1
DA:169,1
DA:170,2
DA:171,0
DA:172,0
DA:175,1
DA:176,4
DA:179,2
DA:180,2
DA:181,2
DA:184,1
DA:186,1
DA:187,2
DA:195,1
DA:196,4
DA:198,1
DA:199,4
DA:201,1
DA:202,1
DA:203,1
DA:204,4
DA:206,1
DA:212,5
DA:216,1
DA:218,1
DA:220,1
DA:221,3
DA:224,1
DA:226,1
DA:228,1
DA:230,1
DA:231,1
DA:237,1
DA:238,2
DA:241,1
DA:242,1
DA:244,1
DA:246,1
DA:247,2
DA:248,1
DA:252,1
DA:253,0
DA:254,0
DA:257,0
DA:260,1
DA:265,1
DA:267,2
DA:268,1
DA:274,0
DA:281,2
DA:285,0
DA:293,1
DA:295,1
DA:310,1
DA:312,1
DA:315,1
DA:317,0
DA:318,0
DA:327,1
DA:329,2
DA:330,3
DA:333,1
DA:337,3
DA:340,1
DA:341,1
DA:342,1
DA:344,1
DA:345,1
DA:347,0
LF:138
LH:127
end_of_record
SF:./movie/lib/presentation/bloc/movie_top_rated/movie_top_rated_state.dart
DA:4,2
DA:6,1
DA:7,1
DA:17,2
DA:19,1
DA:20,2
DA:26,2
DA:28,1
DA:29,2
LF:9
LH:9
end_of_record
SF:./movie/lib/presentation/bloc/movie_top_rated/movie_top_rated_bloc.dart
DA:13,3
DA:14,2
DA:15,2
DA:17,2
DA:18,1
DA:19,4
DA:20,3
LF:7
LH:7
end_of_record
SF:./movie/lib/presentation/bloc/movie_top_rated/movie_top_rated_event.dart
DA:4,2
DA:6,0
DA:7,0
LF:3
LH:1
end_of_record
SF:./movie/lib/presentation/pages/top_rated_movies_page.dart
DA:9,1
DA:11,1
DA:12,1
DA:16,1
DA:18,1
DA:19,2
DA:20,4
DA:23,1
DA:25,1
DA:26,1
DA:29,1
DA:31,1
DA:32,1
DA:33,1
DA:37,1
DA:38,1
DA:39,1
DA:40,2
DA:41,1
DA:43,2
DA:45,1
DA:46,1
DA:48,2
LF:23
LH:23
end_of_record
SF:./movie/lib/presentation/bloc/movie_popular/movie_popular_state.dart
DA:4,2
DA:6,1
DA:7,1
DA:17,2
DA:19,1
DA:20,2
DA:26,2
DA:28,1
DA:29,2
LF:9
LH:9
end_of_record
SF:./movie/lib/presentation/bloc/movie_popular/movie_popular_event.dart
DA:4,2
DA:6,0
DA:7,0
LF:3
LH:1
end_of_record
SF:./movie/lib/presentation/bloc/movie_popular/movie_popular_bloc.dart
DA:13,3
DA:14,2
DA:15,2
DA:17,2
DA:18,1
DA:19,4
DA:20,3
LF:7
LH:7
end_of_record
SF:./movie/lib/presentation/pages/popular_movies_page.dart
DA:9,1
DA:11,1
DA:12,1
DA:16,1
DA:18,1
DA:19,1
DA:20,5
DA:23,1
DA:25,1
DA:26,1
DA:29,1
DA:31,1
DA:32,1
DA:33,1
DA:37,1
DA:38,1
DA:39,1
DA:40,2
DA:41,1
DA:43,2
DA:45,1
DA:46,1
DA:48,2
LF:23
LH:23
end_of_record
SF:./movie/lib/presentation/bloc/movie_now_playing/movie_now_playing_state.dart
DA:4,1
DA:6,1
DA:7,1
DA:17,1
DA:19,1
DA:20,2
DA:26,1
DA:28,1
DA:29,2
LF:9
LH:9
end_of_record
SF:./movie/lib/presentation/bloc/movie_now_playing/movie_now_playing_event.dart
DA:4,1
DA:6,0
DA:7,0
LF:3
LH:1
end_of_record
SF:./movie/lib/presentation/bloc/movie_now_playing/movie_now_playing_bloc.dart
DA:13,1
DA:15,2
DA:16,2
DA:17,2
DA:19,2
DA:20,1
DA:21,4
DA:22,3
LF:8
LH:8
end_of_record
SF:./tv_series/lib/domain/usecases/get_now_playing_tv.dart
DA:10,1
DA:12,1
DA:13,2
LF:3
LH:3
end_of_record
SF:./tv_series/lib/domain/usecases/get_popular_tv.dart
DA:10,1
DA:12,1
DA:13,2
LF:3
LH:3
end_of_record
SF:./tv_series/lib/domain/usecases/get_tv_recommendations.dart
DA:9,1
DA:11,1
DA:12,2
LF:3
LH:3
end_of_record
SF:./tv_series/lib/domain/usecases/get_tv_detail.dart
DA:10,1
DA:12,1
DA:13,2
LF:3
LH:3
end_of_record
SF:./tv_series/lib/domain/usecases/get_watchlist_tv_status.dart
DA:7,1
DA:9,1
DA:10,2
LF:3
LH:3
end_of_record
SF:./tv_series/lib/domain/usecases/remove_watchlist_tv.dart
DA:9,1
DA:11,1
DA:12,2
LF:3
LH:3
end_of_record
SF:./tv_series/lib/domain/usecases/save_watchlist_tv.dart
DA:9,1
DA:11,1
DA:12,2
LF:3
LH:3
end_of_record
SF:./tv_series/lib/presentation/bloc/tv_detail/tv_detail_event.dart
DA:4,2
DA:6,0
DA:7,0
DA:13,2
DA:15,0
DA:16,0
LF:6
LH:2
end_of_record
SF:./tv_series/lib/presentation/bloc/tv_detail/tv_detail_state.dart
DA:4,2
DA:6,1
DA:7,1
DA:17,2
DA:19,1
DA:20,2
DA:27,2
DA:29,1
DA:30,3
LF:9
LH:9
end_of_record
SF:./tv_series/lib/presentation/bloc/tv_detail/tv_detail_bloc.dart
DA:18,1
DA:21,2
DA:22,2
DA:23,1
DA:25,2
DA:26,2
DA:27,2
DA:29,1
DA:30,4
DA:31,3
LF:10
LH:10
end_of_record
SF:./tv_series/lib/presentation/bloc/tv_recommendations/tv_recommendations_event.dart
DA:4,2
DA:6,0
DA:7,0
DA:13,2
DA:15,0
DA:16,0
LF:6
LH:2
end_of_record
SF:./tv_series/lib/presentation/bloc/tv_recommendations/tv_recommendations_state.dart
DA:4,2
DA:6,1
DA:7,1
DA:17,2
DA:19,1
DA:20,2
DA:26,2
DA:28,1
DA:29,2
LF:9
LH:9
end_of_record
SF:./tv_series/lib/presentation/bloc/tv_recommendations/tv_recommendations_bloc.dart
DA:14,1
DA:16,2
DA:17,2
DA:18,1
DA:20,2
DA:21,2
DA:23,1
DA:24,4
DA:25,3
LF:9
LH:9
end_of_record
SF:./tv_series/lib/presentation/bloc/tv_watchlist/tv_watchlist_state.dart
DA:6,2
DA:8,1
DA:9,2
DA:13,2
DA:17,2
DA:21,1
LF:6
LH:6
end_of_record
SF:./tv_series/lib/presentation/bloc/tv_watchlist/tv_watchlist_event.dart
DA:4,2
DA:6,0
DA:7,0
DA:13,2
DA:15,0
DA:16,0
DA:22,1
DA:24,0
DA:25,0
LF:9
LH:3
end_of_record
SF:./tv_series/lib/presentation/bloc/tv_watchlist/tv_watchlist_bloc.dart
DA:18,1
DA:21,2
DA:22,2
DA:23,1
DA:25,2
DA:27,1
DA:28,4
DA:29,3
DA:33,2
DA:34,1
DA:36,2
DA:38,1
DA:39,4
DA:40,1
DA:41,2
DA:45,1
DA:46,0
DA:48,1
DA:49,0
LF:19
LH:17
end_of_record
SF:./tv_series/lib/presentation/pages/tv_detail_page.dart
DA:18,2
DA:20,1
DA:21,1
DA:25,1
DA:27,1
DA:28,2
DA:29,6
DA:30,1
DA:31,1
DA:32,4
DA:36,1
DA:38,1
DA:39,1
DA:40,1
DA:41,1
DA:47,1
DA:48,1
DA:49,1
DA:50,1
DA:51,1
DA:56,1
DA:57,1
DA:58,1
DA:74,1
DA:76,1
DA:77,1
DA:81,1
DA:83,1
DA:84,2
DA:85,2
DA:86,4
DA:88,4
DA:93,1
DA:95,3
DA:96,1
DA:97,1
DA:98,1
DA:99,4
DA:101,1
DA:104,0
DA:106,1
DA:108,1
DA:109,1
DA:110,1
DA:120,1
DA:121,1
DA:122,1
DA:124,1
DA:126,1
DA:128,1
DA:129,1
DA:130,3
DA:131,1
DA:134,1
DA:135,1
DA:138,1
DA:140,1
DA:143,1
DA:146,2
DA:147,2
DA:148,1
DA:149,1
DA:151,1
DA:152,1
DA:153,1
DA:158,1
DA:159,1
DA:160,2
DA:162,0
DA:163,0
DA:166,1
DA:167,4
DA:170,2
DA:171,2
DA:172,2
DA:175,1
DA:177,1
DA:178,2
DA:186,1
DA:187,4
DA:189,1
DA:190,4
DA:191,3
DA:193,1
DA:194,1
DA:195,1
DA:196,4
DA:198,1
DA:204,5
DA:208,1
DA:210,1
DA:212,1
DA:213,3
DA:216,1
DA:218,1
DA:220,1
DA:222,1
DA:224,1
DA:225,4
DA:226,1
DA:228,1
DA:232,1
DA:233,1
DA:234,1
DA:236,2
DA:237,1
DA:243,0
DA:246,1
DA:247,1
DA:249,1
DA:252,1
DA:255,1
DA:256,1
DA:257,3
DA:258,1
DA:259,4
DA:268,4
DA:272,1
DA:274,1
DA:276,1
DA:278,1
DA:279,1
DA:285,1
DA:286,1
DA:287,1
DA:290,1
DA:291,1
DA:293,1
DA:295,1
DA:296,2
DA:297,1
DA:301,1
DA:302,0
DA:303,0
DA:306,0
DA:309,1
DA:314,1
DA:316,2
DA:317,1
DA:323,0
DA:330,2
DA:334,0
DA:342,1
DA:344,1
DA:359,1
DA:361,1
DA:364,1
DA:366,0
DA:367,0
DA:376,1
DA:378,2
DA:379,3
DA:382,1
DA:386,3
DA:389,1
DA:391,1
DA:392,0
DA:394,2
DA:397,1
DA:398,0
DA:400,2
LF:161
LH:148
end_of_record
SF:./tv_series/lib/domain/usecases/get_top_rated_tv.dart
DA:10,1
DA:12,1
DA:13,2
LF:3
LH:3
end_of_record
SF:./tv_series/lib/presentation/bloc/tv_popular/tv_popular_bloc.dart
DA:13,3
DA:14,2
DA:15,2
DA:17,2
DA:18,1
DA:19,4
DA:20,3
LF:7
LH:7
end_of_record
SF:./tv_series/lib/presentation/bloc/tv_popular/tv_popular_state.dart
DA:4,2
DA:6,1
DA:7,1
DA:17,2
DA:19,1
DA:20,2
DA:26,2
DA:28,1
DA:29,2
LF:9
LH:9
end_of_record
SF:./tv_series/lib/presentation/bloc/tv_popular/tv_popular_event.dart
DA:4,2
DA:6,0
DA:7,0
LF:3
LH:1
end_of_record
SF:./tv_series/lib/presentation/pages/popular_tv_page.dart
DA:10,1
DA:12,1
DA:13,1
DA:17,1
DA:19,1
DA:20,2
DA:21,4
DA:24,1
DA:26,1
DA:27,1
DA:30,1
DA:32,1
DA:33,1
DA:34,1
DA:38,1
DA:39,1
DA:40,1
DA:41,2
DA:42,1
DA:44,2
DA:46,1
DA:47,1
DA:49,2
LF:23
LH:23
end_of_record
SF:./tv_series/lib/presentation/bloc/tv_now_playing/tv_now_playing_bloc.dart
DA:13,1
DA:15,2
DA:16,2
DA:17,2
DA:19,2
DA:20,1
DA:21,4
DA:22,3
LF:8
LH:8
end_of_record
SF:./tv_series/lib/presentation/bloc/tv_now_playing/tv_now_playing_state.dart
DA:4,1
DA:6,1
DA:7,1
DA:17,1
DA:19,1
DA:20,2
DA:26,1
DA:28,1
DA:29,2
LF:9
LH:9
end_of_record
SF:./tv_series/lib/presentation/bloc/tv_now_playing/tv_now_playing_event.dart
DA:4,1
DA:6,0
DA:7,0
LF:3
LH:1
end_of_record
SF:./tv_series/lib/presentation/bloc/tv_top_rated/tv_top_rated_state.dart
DA:4,2
DA:6,1
DA:7,1
DA:17,2
DA:19,1
DA:20,2
DA:26,2
DA:28,1
DA:29,2
LF:9
LH:9
end_of_record
SF:./tv_series/lib/presentation/bloc/tv_top_rated/tv_top_rated_event.dart
DA:4,2
DA:6,0
DA:7,0
LF:3
LH:1
end_of_record
SF:./tv_series/lib/presentation/bloc/tv_top_rated/tv_top_rated_bloc.dart
DA:13,3
DA:14,2
DA:15,2
DA:17,2
DA:18,1
DA:19,4
DA:20,3
LF:7
LH:7
end_of_record
SF:./tv_series/lib/presentation/pages/top_rated_tv_page.dart
DA:9,1
DA:11,1
DA:12,1
DA:16,1
DA:18,1
DA:19,1
DA:20,5
DA:23,1
DA:25,1
DA:26,1
DA:29,1
DA:31,1
DA:32,1
DA:33,1
DA:37,1
DA:38,1
DA:39,1
DA:40,2
DA:41,1
DA:43,2
DA:45,1
DA:46,1
DA:48,2
LF:23
LH:23
end_of_record
SF:./search/lib/domain/usecase/search_movies.dart
DA:10,1
DA:12,1
DA:13,2
LF:3
LH:3
end_of_record
SF:./search/lib/domain/usecase/search_tv.dart
DA:10,1
DA:12,1
DA:13,2
LF:3
LH:3
end_of_record
SF:./search/lib/presentation/bloc/search_bloc.dart
DA:14,3
DA:15,2
DA:16,1
DA:18,2
DA:19,2
DA:21,1
DA:22,4
DA:23,3
DA:25,1
LF:9
LH:9
end_of_record
SF:./search/lib/presentation/bloc/search_state.dart
DA:4,1
DA:6,1
DA:7,1
DA:17,1
DA:19,1
DA:20,2
DA:26,1
DA:28,1
DA:29,2
LF:9
LH:9
end_of_record
SF:./search/lib/presentation/bloc/search_event.dart
DA:4,1
DA:6,0
DA:7,0
DA:13,1
DA:15,0
DA:16,0
LF:6
LH:2
end_of_record
SF:./search/lib/presentation/bloc/search_tv_bloc.dart
DA:16,3
DA:17,1
DA:18,1
DA:19,1
DA:21,2
DA:22,2
DA:24,1
DA:25,4
DA:26,3
DA:29,1
LF:10
LH:10
end_of_record
SF:./search/lib/presentation/bloc/search_tv_state.dart
DA:4,1
DA:6,1
DA:7,1
DA:17,1
DA:19,1
DA:20,2
DA:26,1
DA:28,1
DA:30,2
LF:9
LH:9
end_of_record
SF:./search/lib/presentation/bloc/search_tv_event.dart
DA:4,1
DA:6,0
DA:7,0
DA:13,1
DA:15,0
DA:16,0
LF:6
LH:2
end_of_record
SF:./watchlist/lib/domain/usecases/get_watchlist_movies.dart
DA:10,1
DA:12,1
DA:13,2
LF:3
LH:3
end_of_record
SF:./watchlist/lib/domain/usecases/get_watchlist_tv.dart
DA:9,1
DA:11,1
DA:12,2
LF:3
LH:3
end_of_record
SF:./watchlist/lib/presentation/bloc/watchlist_tv/watchlist_tv_state.dart
DA:4,2
DA:6,1
DA:7,1
DA:17,2
DA:19,1
DA:20,2
DA:26,2
DA:28,1
DA:29,2
LF:9
LH:9
end_of_record
SF:./watchlist/lib/presentation/bloc/watchlist_tv/watchlist_tv_bloc.dart
DA:14,3
DA:15,2
DA:16,2
DA:18,2
DA:20,1
DA:21,4
DA:22,2
DA:23,2
DA:24,2
LF:9
LH:9
end_of_record
SF:./watchlist/lib/presentation/bloc/watchlist_tv/watchlist_tv_event.dart
DA:4,2
DA:6,0
DA:7,0
LF:3
LH:1
end_of_record
SF:./watchlist/lib/presentation/bloc/watchlist_movie/watchlist_movie_state.dart
DA:4,2
DA:6,1
DA:7,1
DA:17,2
DA:19,1
DA:20,2
DA:26,2
DA:28,1
DA:29,2
LF:9
LH:9
end_of_record
SF:./watchlist/lib/presentation/bloc/watchlist_movie/watchlist_movie_bloc.dart
DA:15,3
DA:16,2
DA:17,2
DA:19,2
DA:21,1
DA:22,4
DA:23,2
DA:24,2
DA:25,2
LF:9
LH:9
end_of_record
SF:./watchlist/lib/presentation/bloc/watchlist_movie/watchlist_movie_event.dart
DA:4,2
DA:6,0
DA:7,0
LF:3
LH:1
end_of_record
SF:./watchlist/lib/presentation/pages/watchlist_movies_page.dart
DA:8,1
DA:10,1
DA:11,1
DA:16,1
DA:18,1
DA:19,2
DA:20,4
DA:23,1
DA:25,1
DA:26,4
DA:29,0
DA:31,0
DA:34,1
DA:36,1
DA:38,1
DA:39,1
DA:40,1
DA:44,1
DA:45,1
DA:46,1
DA:47,2
DA:48,1
DA:50,2
DA:52,1
DA:53,1
DA:55,2
DA:67,1
DA:69,2
DA:70,1
LF:29
LH:27
end_of_record
SF:./watchlist/lib/presentation/pages/watchlist_tv_page.dart
DA:8,1
DA:10,1
DA:11,1
DA:15,1
DA:17,1
DA:18,2
DA:19,4
DA:22,1
DA:24,1
DA:25,4
DA:28,0
DA:30,0
DA:33,1
DA:35,1
DA:37,1
DA:38,1
DA:39,1
DA:43,1
DA:44,1
DA:45,1
DA:46,2
DA:47,1
DA:49,2
DA:51,1
DA:52,1
DA:54,2
DA:66,1
DA:68,2
DA:69,1
LF:29
LH:27
end_of_record
